 {
  "query_block": {
    "select_id": 1,
    "cost_info": {
      "query_cost": "1.38"
    },
    "nested_loop": [
      {
        "table": {
          "table_name": "o",
          "access_type": "ALL",
          "possible_keys": [
            "PRIMARY"
          ],
          "rows_examined_per_scan": 1,
          "rows_produced_per_join": 1,
          "filtered": "100.00",
          "cost_info": {
            "read_cost": "0.25",
            "eval_cost": "0.10",
            "prefix_cost": "0.35",
            "data_read_per_join": "352"
          },
          "used_columns": [
            "officeCode",
            "phone",
            "country"
          ],
          "attached_condition": "(((`classicmodels`.`o`.`country` = 'USA') and (`classicmodels`.`o`.`phone` like '%8%') and (`classicmodels`.`o`.`country` in ('USA','UK'))) and (`classicmodels`.`o`.`officeCode` is not null))"
        }
      },
      {
        "table": {
          "table_name": "e",
          "access_type": "ref",
          "possible_keys": [
            "reportsTo",
            "officeCode"
          ],
          "key": "officeCode",
          "used_key_parts": [
            "officeCode"
          ],
          "key_length": "12",
          "ref": [
            "classicmodels.o.officeCode"
          ],
          "rows_examined_per_scan": 3,
          "rows_produced_per_join": 0,
          "filtered": "11.11",
          "cost_info": {
            "read_cost": "0.57",
            "eval_cost": "0.04",
            "prefix_cost": "1.25",
            "data_read_per_join": "105"
          },
          "used_columns": [
            "lastName",
            "firstName",
            "officeCode",
            "reportsTo",
            "jobTitle"
          ],
          "attached_condition": "((`classicmodels`.`e`.`jobTitle` like 'Sale%') and (`classicmodels`.`e`.`reportsTo` is not null))"
        }
      },
      {
        "table": {
          "table_name": "employees",
          "access_type": "eq_ref",
          "possible_keys": [
            "PRIMARY"
          ],
          "key": "PRIMARY",
          "used_key_parts": [
            "employeeNumber"
          ],
          "key_length": "4",
          "ref": [
            "classicmodels.e.reportsTo"
          ],
          "rows_examined_per_scan": 1,
          "rows_produced_per_join": 0,
          "filtered": "11.11",
          "cost_info": {
            "read_cost": "0.09",
            "eval_cost": "0.00",
            "prefix_cost": "1.38",
            "data_read_per_join": "11"
          },
          "used_columns": [
            "employeeNumber",
            "email"
          ],
          "attached_condition": "(`classicmodels`.`employees`.`email` like '%tt%')"
        }
      }
    ]
  }
} 